# JRE version: Java(TM) SE Runtime Environment (7.0_80-b15) (build 1.7.0_80-b15)
# Java VM: Java HotSpot(TM) 64-Bit Server VM (24.80-b11 mixed mode windows-amd64 compressed oops)
Heap
 def new generation   total 18752K, used 2250K [0x00000000bde00000, 0x00000000bf250000, 0x00000000d2350000)
  eden space 16704K,   8% used [0x00000000bde00000, 0x00000000bdf56da8, 0x00000000bee50000)
  from space 2048K,  42% used [0x00000000bf050000, 0x00000000bf12bd08, 0x00000000bf250000)
  to   space 2048K,   0% used [0x00000000bee50000, 0x00000000bee50000, 0x00000000bf050000)
 tenured generation   total 41600K, used 17270K [0x00000000d2350000, 0x00000000d4bf0000, 0x00000000fae00000)
   the space 41600K,  41% used [0x00000000d2350000, 0x00000000d342d870, 0x00000000d342da00, 0x00000000d4bf0000)
 compacting perm gen  total 21248K, used 16431K [0x00000000fae00000, 0x00000000fc2c0000, 0x0000000100000000)
   the space 21248K,  77% used [0x00000000fae00000, 0x00000000fbe0bf00, 0x00000000fbe0c000, 0x00000000fc2c0000)
GC Heap History (10 events):
Event: 4.199 GC heap before
{Heap before GC invocations=0 (full 0):
 def new generation   total 18752K, used 16704K [0x00000000bde00000, 0x00000000bf250000, 0x00000000d2350000)
  eden space 16704K, 100% used [0x00000000bde00000, 0x00000000bee50000, 0x00000000bee50000)
  from space 2048K,   0% used [0x00000000bee50000, 0x00000000bee50000, 0x00000000bf050000)
  to   space 2048K,   0% used [0x00000000bf050000, 0x00000000bf050000, 0x00000000bf250000)
 tenured generation   total 41600K, used 0K [0x00000000d2350000, 0x00000000d4bf0000, 0x00000000fae00000)
   the space 41600K,   0% used [0x00000000d2350000, 0x00000000d2350000, 0x00000000d2350200, 0x00000000d4bf0000)
 compacting perm gen  total 21248K, used 10078K [0x00000000fae00000, 0x00000000fc2c0000, 0x0000000100000000)
   the space 21248K,  47% used [0x00000000fae00000, 0x00000000fb7d7a10, 0x00000000fb7d7c00, 0x00000000fc2c0000)
No shared spaces configured.
Event: 4.223 GC heap after
Heap after GC invocations=1 (full 0):
 def new generation   total 18752K, used 2048K [0x00000000bde00000, 0x00000000bf250000, 0x00000000d2350000)
  eden space 16704K,   0% used [0x00000000bde00000, 0x00000000bde00000, 0x00000000bee50000)
  from space 2048K, 100% used [0x00000000bf050000, 0x00000000bf250000, 0x00000000bf250000)
  to   space 2048K,   0% used [0x00000000bee50000, 0x00000000bee50000, 0x00000000bf050000)
 tenured generation   total 41600K, used 2423K [0x00000000d2350000, 0x00000000d4bf0000, 0x00000000fae00000)
   the space 41600K,   5% used [0x00000000d2350000, 0x00000000d25adfd8, 0x00000000d25ae000, 0x00000000d4bf0000)
 compacting perm gen  total 21248K, used 10078K [0x00000000fae00000, 0x00000000fc2c0000, 0x0000000100000000)
   the space 21248K,  47% used [0x00000000fae00000, 0x00000000fb7d7a10, 0x00000000fb7d7c00, 0x00000000fc2c0000)
No shared spaces configured.
}
Event: 6.735 GC heap before
{Heap before GC invocations=1 (full 0):
 def new generation   total 18752K, used 18752K [0x00000000bde00000, 0x00000000bf250000, 0x00000000d2350000)
  eden space 16704K, 100% used [0x00000000bde00000, 0x00000000bee50000, 0x00000000bee50000)
  from space 2048K, 100% used [0x00000000bf050000, 0x00000000bf250000, 0x00000000bf250000)
  to   space 2048K,   0% used [0x00000000bee50000, 0x00000000bee50000, 0x00000000bf050000)
 tenured generation   total 41600K, used 2423K [0x00000000d2350000, 0x00000000d4bf0000, 0x00000000fae00000)
   the space 41600K,   5% used [0x00000000d2350000, 0x00000000d25adfd8, 0x00000000d25ae000, 0x00000000d4bf0000)
 compacting perm gen  total 21248K, used 12836K [0x00000000fae00000, 0x00000000fc2c0000, 0x0000000100000000)
   the space 21248K,  60% used [0x00000000fae00000, 0x00000000fba891b0, 0x00000000fba89200, 0x00000000fc2c0000)
No shared spaces configured.
Event: 6.759 GC heap after
Heap after GC invocations=2 (full 0):
 def new generation   total 18752K, used 2048K [0x00000000bde00000, 0x00000000bf250000, 0x00000000d2350000)
  eden space 16704K,   0% used [0x00000000bde00000, 0x00000000bde00000, 0x00000000bee50000)
  from space 2048K, 100% used [0x00000000bee50000, 0x00000000bf050000, 0x00000000bf050000)
  to   space 2048K,   0% used [0x00000000bf050000, 0x00000000bf050000, 0x00000000bf250000)
 tenured generation   total 41600K, used 7194K [0x00000000d2350000, 0x00000000d4bf0000, 0x00000000fae00000)
   the space 41600K,  17% used [0x00000000d2350000, 0x00000000d2a56b68, 0x00000000d2a56c00, 0x00000000d4bf0000)
 compacting perm gen  total 21248K, used 12836K [0x00000000fae00000, 0x00000000fc2c0000, 0x0000000100000000)
   the space 21248K,  60% used [0x00000000fae00000, 0x00000000fba891b0, 0x00000000fba89200, 0x00000000fc2c0000)
No shared spaces configured.
}
Event: 8.896 GC heap before
{Heap before GC invocations=2 (full 0):
 def new generation   total 18752K, used 18752K [0x00000000bde00000, 0x00000000bf250000, 0x00000000d2350000)
  eden space 16704K, 100% used [0x00000000bde00000, 0x00000000bee50000, 0x00000000bee50000)
  from space 2048K, 100% used [0x00000000bee50000, 0x00000000bf050000, 0x00000000bf050000)
  to   space 2048K,   0% used [0x00000000bf050000, 0x00000000bf050000, 0x00000000bf250000)
 tenured generation   total 41600K, used 7194K [0x00000000d2350000, 0x00000000d4bf0000, 0x00000000fae00000)
   the space 41600K,  17% used [0x00000000d2350000, 0x00000000d2a56b68, 0x00000000d2a56c00, 0x00000000d4bf0000)
 compacting perm gen  total 21248K, used 14126K [0x00000000fae00000, 0x00000000fc2c0000, 0x0000000100000000)
   the space 21248K,  66% used [0x00000000fae00000, 0x00000000fbbcbb10, 0x00000000fbbcbc00, 0x00000000fc2c0000)
No shared spaces configured.
Event: 8.918 GC heap after
Heap after GC invocations=3 (full 0):
 def new generation   total 18752K, used 2047K [0x00000000bde00000, 0x00000000bf250000, 0x00000000d2350000)
  eden space 16704K,   0% used [0x00000000bde00000, 0x00000000bde00000, 0x00000000bee50000)
  from space 2048K,  99% used [0x00000000bf050000, 0x00000000bf24fff8, 0x00000000bf250000)
  to   space 2048K,   0% used [0x00000000bee50000, 0x00000000bee50000, 0x00000000bf050000)
 tenured generation   total 41600K, used 10627K [0x00000000d2350000, 0x00000000d4bf0000, 0x00000000fae00000)
   the space 41600K,  25% used [0x00000000d2350000, 0x00000000d2db0cb8, 0x00000000d2db0e00, 0x00000000d4bf0000)
 compacting perm gen  total 21248K, used 14126K [0x00000000fae00000, 0x00000000fc2c0000, 0x0000000100000000)
   the space 21248K,  66% used [0x00000000fae00000, 0x00000000fbbcbb10, 0x00000000fbbcbc00, 0x00000000fc2c0000)
No shared spaces configured.
}
Event: 352.181 GC heap before
{Heap before GC invocations=3 (full 0):
 def new generation   total 18752K, used 18751K [0x00000000bde00000, 0x00000000bf250000, 0x00000000d2350000)
  eden space 16704K, 100% used [0x00000000bde00000, 0x00000000bee50000, 0x00000000bee50000)
  from space 2048K,  99% used [0x00000000bf050000, 0x00000000bf24fff8, 0x00000000bf250000)
  to   space 2048K,   0% used [0x00000000bee50000, 0x00000000bee50000, 0x00000000bf050000)
 tenured generation   total 41600K, used 10627K [0x00000000d2350000, 0x00000000d4bf0000, 0x00000000fae00000)
   the space 41600K,  25% used [0x00000000d2350000, 0x00000000d2db0cb8, 0x00000000d2db0e00, 0x00000000d4bf0000)
 compacting perm gen  total 21248K, used 15945K [0x00000000fae00000, 0x00000000fc2c0000, 0x0000000100000000)
   the space 21248K,  75% used [0x00000000fae00000, 0x00000000fbd92528, 0x00000000fbd92600, 0x00000000fc2c0000)
No shared spaces configured.
Event: 352.201 GC heap after
Heap after GC invocations=4 (full 0):
 def new generation   total 18752K, used 2048K [0x00000000bde00000, 0x00000000bf250000, 0x00000000d2350000)
  eden space 16704K,   0% used [0x00000000bde00000, 0x00000000bde00000, 0x00000000bee50000)
  from space 2048K, 100% used [0x00000000bee50000, 0x00000000bf050000, 0x00000000bf050000)
  to   space 2048K,   0% used [0x00000000bf050000, 0x00000000bf050000, 0x00000000bf250000)
 tenured generation   total 41600K, used 15229K [0x00000000d2350000, 0x00000000d4bf0000, 0x00000000fae00000)
   the space 41600K,  36% used [0x00000000d2350000, 0x00000000d322f530, 0x00000000d322f600, 0x00000000d4bf0000)
 compacting perm gen  total 21248K, used 15945K [0x00000000fae00000, 0x00000000fc2c0000, 0x0000000100000000)
   the space 21248K,  75% used [0x00000000fae00000, 0x00000000fbd92528, 0x00000000fbd92600, 0x00000000fc2c0000)
No shared spaces configured.
}
Event: 717.306 GC heap before
{Heap before GC invocations=4 (full 0):
 def new generation   total 18752K, used 18718K [0x00000000bde00000, 0x00000000bf250000, 0x00000000d2350000)
  eden space 16704K,  99% used [0x00000000bde00000, 0x00000000bee47af8, 0x00000000bee50000)
  from space 2048K, 100% used [0x00000000bee50000, 0x00000000bf050000, 0x00000000bf050000)
  to   space 2048K,   0% used [0x00000000bf050000, 0x00000000bf050000, 0x00000000bf250000)
 tenured generation   total 41600K, used 15229K [0x00000000d2350000, 0x00000000d4bf0000, 0x00000000fae00000)
   the space 41600K,  36% used [0x00000000d2350000, 0x00000000d322f530, 0x00000000d322f600, 0x00000000d4bf0000)
 compacting perm gen  total 21248K, used 16409K [0x00000000fae00000, 0x00000000fc2c0000, 0x0000000100000000)
   the space 21248K,  77% used [0x00000000fae00000, 0x00000000fbe065b8, 0x00000000fbe06600, 0x00000000fc2c0000)
No shared spaces configured.
Event: 717.316 GC heap after
Heap after GC invocations=5 (full 0):
 def new generation   total 18752K, used 879K [0x00000000bde00000, 0x00000000bf250000, 0x00000000d2350000)
  eden space 16704K,   0% used [0x00000000bde00000, 0x00000000bde00000, 0x00000000bee50000)
  from space 2048K,  42% used [0x00000000bf050000, 0x00000000bf12bd08, 0x00000000bf250000)
  to   space 2048K,   0% used [0x00000000bee50000, 0x00000000bee50000, 0x00000000bf050000)
 tenured generation   total 41600K, used 17270K [0x00000000d2350000, 0x00000000d4bf0000, 0x00000000fae00000)
   the space 41600K,  41% used [0x00000000d2350000, 0x00000000d342d870, 0x00000000d342da00, 0x00000000d4bf0000)
 compacting perm gen  total 21248K, used 16409K [0x00000000fae00000, 0x00000000fc2c0000, 0x0000000100000000)
   the space 21248K,  77% used [0x00000000fae00000, 0x00000000fbe065b8, 0x00000000fbe06600, 0x00000000fc2c0000)
No shared spaces configured.
}

